[13:54:00] [main/INFO] (FabricLoader/GameProvider) Loading Minecraft 1.21.1 with Fabric Loader 0.16.14
[13:54:01] [main/INFO] (FabricLoader) Loading 60 mods:
	- cloth-config 15.0.140
	   \-- cloth-basic-math 0.6.1
	- fabric-api 0.116.3+1.21.1
	- fabric-api-base 0.4.42+6573ed8c19
	- fabric-api-lookup-api-v1 1.6.71+b559734419
	- fabric-biome-api-v1 13.0.31+d527f9fd19
	- fabric-block-api-v1 1.1.0+0bc3503219
	- fabric-block-view-api-v2 1.0.11+ebb2264e19
	- fabric-blockrenderlayer-v1 1.1.52+0af3f5a719
	- fabric-client-tags-api-v1 1.1.15+6573ed8c19
	- fabric-command-api-v1 1.2.49+f71b366f19
	- fabric-command-api-v2 2.2.28+6ced4dd919
	- fabric-commands-v0 0.2.66+df3654b319
	- fabric-content-registries-v0 8.0.19+b559734419
	- fabric-convention-tags-v1 2.1.5+7f945d5b19
	- fabric-convention-tags-v2 2.11.1+a406e79519
	- fabric-crash-report-info-v1 0.2.29+0af3f5a719
	- fabric-data-attachment-api-v1 1.4.5+6116a37819
	- fabric-data-generation-api-v1 20.2.31+16c4ae2519
	- fabric-dimensions-v1 4.0.0+6fc22b9919
	- fabric-entity-events-v1 1.8.0+2b27e0a419
	- fabric-events-interaction-v0 0.7.13+ba9dae0619
	- fabric-game-rule-api-v1 1.0.53+6ced4dd919
	- fabric-gametest-api-v1 2.0.5+6fc22b9919
	- fabric-item-api-v1 11.1.1+d5debaed19
	- fabric-item-group-api-v1 4.1.7+def88e3a19
	- fabric-key-binding-api-v1 1.0.47+0af3f5a719
	- fabric-keybindings-v0 0.2.45+df3654b319
	- fabric-lifecycle-events-v1 2.6.0+0865547519
	- fabric-loot-api-v2 3.0.15+3f89f5a519
	- fabric-loot-api-v3 1.0.3+3f89f5a519
	- fabric-message-api-v1 6.0.14+8aaf3aca19
	- fabric-model-loading-api-v1 2.0.0+fe474d6b19
	- fabric-networking-api-v1 4.3.0+c7469b2119
	- fabric-object-builder-api-v1 15.2.1+40875a9319
	- fabric-particles-v1 4.0.2+6573ed8c19
	- fabric-recipe-api-v1 5.0.14+248df81c19
	- fabric-registry-sync-v0 5.3.1+e3eddc2119
	- fabric-renderer-api-v1 3.4.0+c705a49c19
	- fabric-renderer-indigo 1.7.0+c705a49c19
	- fabric-renderer-registries-v1 3.2.68+df3654b319
	- fabric-rendering-data-attachment-v1 0.3.49+73761d2e19
	- fabric-rendering-fluids-v1 3.1.6+1daea21519
	- fabric-rendering-v0 1.1.71+df3654b319
	- fabric-rendering-v1 5.0.5+df16efd019
	- fabric-resource-conditions-api-v1 4.3.0+8dc279b119
	- fabric-resource-loader-v0 1.3.1+5b5275af19
	- fabric-screen-api-v1 2.0.25+8b68f1c719
	- fabric-screen-handler-api-v1 1.3.90+b559734419
	- fabric-sound-api-v1 1.0.23+6573ed8c19
	- fabric-transfer-api-v1 5.4.3+c24bd99419
	- fabric-transitive-access-wideners-v1 6.2.0+45b9699719
	- fabricloader 0.16.14
	- hold-my-items 4.3
	- java 21
	- minecraft 1.21.1
	- mixinextras 0.4.1
	- modmenu 11.0.3
	   \-- placeholder-api 2.4.0-pre.2+1.21
	- runestones 1.0.0
[13:54:04] [main/INFO] (FabricLoader/Mixin) SpongePowered MIXIN Subsystem Version=0.8.7 Source=file:/Users/aaronfacchin/.gradle/caches/modules-2/files-2.1/net.fabricmc/sponge-mixin/0.15.5+mixin.0.8.7/22f9eb729e216a091673a574a5906dc1b9027fb3/sponge-mixin-0.15.5+mixin.0.8.7.jar Service=Knot/Fabric Env=CLIENT
[13:54:04] [main/INFO] (FabricLoader/Mixin) Loaded Fabric development mappings for mixin remapper!
[13:54:04] [main/INFO] (FabricLoader/Mixin) Compatibility level set to JAVA_17
[13:54:04] [main/INFO] (FabricLoader/Mixin) Compatibility level set to JAVA_21
[13:54:04] [main/INFO] (FabricLoader/MixinExtras|Service) Initializing MixinExtras via com.llamalad7.mixinextras.service.MixinExtrasServiceImpl(version=0.4.1).
[13:54:05] [Datafixer Bootstrap/INFO] (Minecraft) 226 Datafixer optimizations took 177 milliseconds
[13:54:08] [Render thread/INFO] (Minecraft) Environment: Environment[sessionHost=https://sessionserver.mojang.com, servicesHost=https://api.minecraftservices.com, name=PROD]
[13:54:08] [Render thread/INFO] (Minecraft) Setting user: Player596
[13:54:08] [Render thread/INFO] (hold-my-items) Hello Fabric world!
[13:54:08] [Render thread/INFO] (runestones) Hello Fabric world!
[13:54:09] [Render thread/INFO] (Mod Menu/Update Checker) Checking mod updates...
[13:54:09] [Render thread/INFO] (Indigo) [Indigo] Registering Indigo renderer!
[13:54:09] [Render thread/INFO] (Minecraft) Backend library: LWJGL version 3.3.3-snapshot
[13:54:10] [Render thread/INFO] (Minecraft) Reloading ResourceManager: vanilla, fabric, cloth-config, fabric-api, fabric-api-base, fabric-api-lookup-api-v1, fabric-biome-api-v1, fabric-block-api-v1, fabric-block-view-api-v2, fabric-blockrenderlayer-v1, fabric-client-tags-api-v1, fabric-command-api-v1, fabric-command-api-v2, fabric-commands-v0, fabric-content-registries-v0, fabric-convention-tags-v1, fabric-convention-tags-v2, fabric-crash-report-info-v1, fabric-data-attachment-api-v1, fabric-data-generation-api-v1, fabric-dimensions-v1, fabric-entity-events-v1, fabric-events-interaction-v0, fabric-game-rule-api-v1, fabric-gametest-api-v1, fabric-item-api-v1, fabric-item-group-api-v1, fabric-key-binding-api-v1, fabric-keybindings-v0, fabric-lifecycle-events-v1, fabric-loot-api-v2, fabric-loot-api-v3, fabric-message-api-v1, fabric-model-loading-api-v1, fabric-networking-api-v1, fabric-object-builder-api-v1, fabric-particles-v1, fabric-recipe-api-v1, fabric-registry-sync-v0, fabric-renderer-api-v1, fabric-renderer-indigo, fabric-renderer-registries-v1, fabric-rendering-data-attachment-v1, fabric-rendering-fluids-v1, fabric-rendering-v0, fabric-rendering-v1, fabric-resource-conditions-api-v1, fabric-resource-loader-v0, fabric-screen-api-v1, fabric-screen-handler-api-v1, fabric-sound-api-v1, fabric-transfer-api-v1, fabric-transitive-access-wideners-v1, fabricloader, hold-my-items, modmenu, runestones
[13:54:10] [Worker-Main-5/INFO] (Minecraft) Found unifont_all_no_pua-15.1.05.hex, loading
[13:54:11] [Worker-Main-7/INFO] (Minecraft) Found unifont_jp_patch-15.1.05.hex, loading
[13:54:11] [Render thread/WARN] (Minecraft) Missing sound for event: minecraft:item.goat_horn.play
[13:54:11] [Render thread/WARN] (Minecraft) Missing sound for event: minecraft:entity.goat.screaming.horn_break
[13:54:12] [Render thread/INFO] (Minecraft) OpenAL initialized on device AirPods 4 di Aaron
[13:54:12] [Render thread/INFO] (Minecraft) Sound engine started
[13:54:12] [Render thread/INFO] (Minecraft) Created: 1024x512x4 minecraft:textures/atlas/blocks.png-atlas
[13:54:12] [Render thread/INFO] (Minecraft) Created: 256x256x4 minecraft:textures/atlas/signs.png-atlas
[13:54:12] [Render thread/INFO] (Minecraft) Created: 512x512x4 minecraft:textures/atlas/shield_patterns.png-atlas
[13:54:12] [Render thread/INFO] (Minecraft) Created: 512x512x4 minecraft:textures/atlas/banner_patterns.png-atlas
[13:54:12] [Render thread/INFO] (Minecraft) Created: 1024x1024x4 minecraft:textures/atlas/armor_trims.png-atlas
[13:54:12] [Render thread/INFO] (Minecraft) Created: 128x64x4 minecraft:textures/atlas/decorated_pot.png-atlas
[13:54:12] [Render thread/INFO] (Minecraft) Created: 256x256x4 minecraft:textures/atlas/chest.png-atlas
[13:54:12] [Render thread/INFO] (Minecraft) Created: 512x256x4 minecraft:textures/atlas/shulker_boxes.png-atlas
[13:54:12] [Render thread/INFO] (Minecraft) Created: 512x256x4 minecraft:textures/atlas/beds.png-atlas
[13:54:12] [Render thread/INFO] (Minecraft) Created: 512x256x0 minecraft:textures/atlas/particles.png-atlas
[13:54:12] [Render thread/INFO] (Minecraft) Created: 512x256x0 minecraft:textures/atlas/paintings.png-atlas
[13:54:12] [Render thread/INFO] (Minecraft) Created: 256x128x0 minecraft:textures/atlas/mob_effects.png-atlas
[13:54:12] [Render thread/INFO] (Minecraft) Created: 64x64x0 minecraft:textures/atlas/map_decorations.png-atlas
[13:54:12] [Render thread/INFO] (Minecraft) Created: 1024x512x0 minecraft:textures/atlas/gui.png-atlas
[13:54:12] [Render thread/WARN] (Minecraft) Shader rendertype_entity_translucent_emissive could not find sampler named Sampler2 in the specified shader program.
[13:54:16] [Render thread/INFO] (Minecraft) Loaded 1290 recipes
[13:54:16] [Render thread/INFO] (Minecraft) Loaded 1399 advancements
[13:54:17] [Render thread/INFO] (BiomeModificationImpl) Applied 0 biome modifications to 0 of 64 new biomes in 615.3 μs
[13:54:17] [Server thread/INFO] (Minecraft) Starting integrated minecraft server version 1.21.1
[13:54:17] [Server thread/INFO] (Minecraft) Generating keypair
[13:54:18] [Server thread/INFO] (Minecraft) Preparing start region for dimension minecraft:overworld
[13:54:18] [Render thread/INFO] (Minecraft) Preparing spawn area: 0%
[13:54:18] [Render thread/INFO] (Minecraft) Time elapsed: 245 ms
[13:54:18] [Server thread/INFO] (Minecraft) Changing view distance to 16, from 10
[13:54:18] [Server thread/INFO] (Minecraft) Changing simulation distance to 12, from 0
[13:54:19] [Server thread/INFO] (Minecraft) Player596[local:E:4749a8c9] logged in with entity id 61 at (-9.360305354410665, 67.0, -48.886773600030104)
[13:54:19] [Server thread/INFO] (Minecraft) Player596 joined the game
[13:54:19] [Render thread/INFO] (Minecraft) Loaded 2 advancements
[13:54:20] [Server thread/INFO] (Minecraft) Saving and pausing game...
[13:54:20] [Server thread/INFO] (Minecraft) Saving chunks for level 'ServerLevel[New World]'/minecraft:overworld
[13:54:20] [Server thread/INFO] (Minecraft) Saving chunks for level 'ServerLevel[New World]'/minecraft:the_nether
[13:54:20] [Server thread/INFO] (Minecraft) Saving chunks for level 'ServerLevel[New World]'/minecraft:the_end
[13:54:21] [Server thread/INFO] (Minecraft) Player596 lost connection: Disconnected
[13:54:21] [Server thread/INFO] (Minecraft) Player596 left the game
[13:54:21] [Server thread/INFO] (Minecraft) Stopping singleplayer server as player logged out
[13:54:21] [Server thread/INFO] (Minecraft) Stopping server
[13:54:21] [Server thread/INFO] (Minecraft) Saving players
[13:54:21] [Server thread/INFO] (Minecraft) Saving worlds
[13:54:21] [Server thread/INFO] (Minecraft) Saving chunks for level 'ServerLevel[New World]'/minecraft:overworld
[13:54:22] [Server thread/INFO] (Minecraft) Saving chunks for level 'ServerLevel[New World]'/minecraft:the_nether
[13:54:22] [Server thread/INFO] (Minecraft) Saving chunks for level 'ServerLevel[New World]'/minecraft:the_end
[13:54:22] [Server thread/INFO] (Minecraft) ThreadedAnvilChunkStorage (New World): All chunks are saved
[13:54:22] [Server thread/INFO] (Minecraft) ThreadedAnvilChunkStorage (DIM-1): All chunks are saved
[13:54:22] [Server thread/INFO] (Minecraft) ThreadedAnvilChunkStorage (DIM1): All chunks are saved
[13:54:22] [Server thread/INFO] (Minecraft) ThreadedAnvilChunkStorage: All dimensions are saved
[13:54:23] [Render thread/INFO] (Minecraft) Stopping!
[13:54:26] [ModMenu/Update Checker/2/ERROR] (Mod Menu/Update Checker) Error checking for updates: 
java.lang.InterruptedException: null
	at java.base/java.util.concurrent.CompletableFuture.reportGet(CompletableFuture.java:386) ~[?:?]
	at java.base/java.util.concurrent.CompletableFuture.get(CompletableFuture.java:2073) ~[?:?]
	at java.net.http/jdk.internal.net.http.HttpClientImpl.send(HttpClientImpl.java:931) ~[java.net.http:?]
	at java.net.http/jdk.internal.net.http.HttpClientFacade.send(HttpClientFacade.java:133) ~[java.net.http:?]
	at knot/com.terraformersmc.modmenu.util.HttpUtil.request(HttpUtil.java:24) ~[modmenu-11.0.3-64b5720b4b825f21.jar:?]
	at knot/com.terraformersmc.modmenu.util.UpdateCheckerUtil.getUpdatedVersions(UpdateCheckerUtil.java:256) ~[modmenu-11.0.3-64b5720b4b825f21.jar:?]
	at knot/com.terraformersmc.modmenu.util.UpdateCheckerUtil.lambda$checkForUpdates0$2(UpdateCheckerUtil.java:88) ~[modmenu-11.0.3-64b5720b4b825f21.jar:?]
	at java.base/java.util.concurrent.FutureTask.run(FutureTask.java:317) ~[?:?]
	at java.base/java.lang.VirtualThread.run(VirtualThread.java:329) ~[?:?]
